4LPbD7i7ivpYtRqeIboXnmLNyvtPWbqywF92CWuKiv1VyjIoMoTxGFyNhJJo/WO99dc4sYqNDuQhg7l8TUeU2L/22rJckIViLo8XX6kFYbQa
thDZj7Fy56swK4R0Z+5z8/lwwgb8JdZY4irifMFq1PMIPn9Y03kB8ZihUpYeo5RTaaQ7EjFkC0FJCdIpfj4XnI/QUFtu/y4sdWZS3nSMpkWAz3k3oYSSxMIWqv3Oy++U8NXa6Sr0i1cdO1FX2OcYO3mVTPsBcOe/CR0yfj4jZKlpko8Ur7M6R8jyIVGpmyhkZR2sIZxptBi/0oNGTYZObZggPijrsUnw+/vsBNWbNUzRL+Ofi17GQlAIscJ691sPFS31tI4=
WyyngZnBhnkYdc0kWAung/lwwgb8JdZY4irifMFq1PMIPn9Y03kB8ZihUpYeo5RTaaQ7EjFkC0FJCdIpfj4XnI/QUFtu/y4sdWZS3nSMpkWAz3k3oYSSxMIWqv3Oy++U8NXa6Sr0i1cdO1FX2OcYO3mVTPsBcOe/CR0yfj4jZKlpko8Ur7M6R8jyIVGpmyhkZR2sIZxptBi/0oNGTYZObZggPijrsUnw+/vsBNWbNUzRL+Gfi17GQlAIscJ691sPFS31tI4=
cXTihRggrA1mYqiT1bxmjN/4242Yog+Y1FQMv6lj2N23iAxpRuYQl1yK3XQIqlWUytwJnG7zKgzq1eHKG54ncLQJ
k/s/tYQGYaXa1WAHwRCR+gcI5cWJM0Gt1luQluC6n0T6pfWDistf0LY/HAxdX/RtBsy4BBk/5q2XtKzSn4HjgoyVuO2Qnc1EjuUXDZbgGNaG4tWGr6yvQ4+61sTnBfzN+PRr5wu0b1PZejUr+7pudA8yRIvl9ytRS7Qw
3wA5+DcMMUQYOtNuFG9UgpwFinpShUtEvq4hDSOE/4nRUkElUpK3nMVBh6C58gJnOILtBiBPQPjTQ6t6c0OPXc7Z4sQ9i71sqX/SGnOHfSLYGBkCkkdTb00dbbQW
LvHyjWFl+DCwvYvsomQHeQ+ewy7QctQXm2e4PG6j4S089FFSWkiV6tFhsyP8LnWgWH4dUokYQUg+JwIoyvHJ3guKL3S0DQ==
R/obFhTcQ7TrGdcixUDDbg6ewy7QctQXm2e4PG6j4S089FFSWkiV6tFhsyP8LnWgWH4dU4kYQUg+JwIoyvHJ3guKL3S0DQ==
e7pKwW2INJOVL5nPlhfv2BAgSrbdgKOGIK9KZleW2gtyENF3cTqp9w21fJ0Y1Advz6QLC0C5KXNfKip8I9Low+EHjyl3tAw=
X5Unup/maqnGIT5oaiGi8V4UAGV3XruSWsjv9w06fpW6BUCDbSJIDhTREQ5SIjYwgERZr4Wm7J8lvtMWWJ6O0Bhffxp9P201CXBjQG4VdCUmpHFvj+V0FOENRVwbeg5dSLJ4F28iAPoVIhoElRv1TJGvJpnL1wVCkIjxwrp3Gw/VrbW0zg==
/9ohDDpSvOheKBpIkvR2PikFhbdm5hhiED4MWyvL4NAOT3mBjHjJ3trEDWZhzSvPnMItDOgyxRdJVJkEDgtaxKod0fI7hjd4tAE=
VjEyRvLpfQNcN62DUrGKyCkfg7V99BhiED4MWyvL4NAOT3mBjHjJ3trEDWZhzSvPnMItDOgyxR5IVJkEDgtaxKod0fI7hjd4tAE=
gTePC1HGDNavqaY2/8hhURA2S6jdgKOGIK9KZleW2gtyENF3cTqp9w21fJ0Y1Advz6QLC0G4KXNfKip8I9Low+EHjyl3tAw=
xaHTy0rsFIHzBvI4KKD7bV5PBmJzX+2YX5y59lM6L5bpBEDSbH9IDk+BQQlSJ2Ji1RIF/dam7J8lvtMWWJ6O0Bhffxp9P201CXBjQG4VdCUmpHFvj+V0FOENRVwbeg5dSLJ4F28iAPoVIhoElRv1TJGvIZjL1wVCkIjxwrp3Gw/VrbW0zg==
G/tA8g2/U2MjMAtv8ws8LhE3Z6zdgKOGIK9KZleW2gtyENF3cTqp9w21fJ0Y1Advz6QLC0W4KXNfKip8I9Low+EHjyl3tAw=
1+nwIVkxqqWV1V/DQQzk7V5NU2AoWrnDXsvooFw6L8TnBUCBOH5IDk6FTQNSJTRv0kAE+Yqm7J8lvtMWWJ6O0Bhffxp9P201CXBjQG4VdCUmpHFvj+V0FOENRVwbeg5dSLJ4F28iAPoVIhoElRv1TJGvJJjL1wVCkIjxwrp3Gw/VrbW0zg==
NisIkmq0v8J17UW8NFbvzRA3Z6zdgKOGIK9KZleW2gtyENF3cTqp9w21fJ0Y1Advz6QLC0G/KXNfKip8I9Low+EHjyl3tAw=
LyLnMmEhdRfF8+bONfQUCl5OUmYiXrySDs288Fw6I5vqXkCGOCVIDkuCEltSdWMyg0gCqdam7J8lvtMWWJ6O0Bhffxp9P201CXBjQG4VdCUmpHFvj+V0FOENRVwbeg5dSLJ4F28iAPoVIhoElRv1TJGvIZ/L1wVCkIjxwrp3Gw/VrbW0zg==
K1InejUBEfhP6Vp5E8YSxxI3Z6zdgKOGIK9KZleW2gtyENF3cTqp9w21fJ0Y1Advz6QLC0e/KXNfKip8I9Low+EHjyl3tAw=
gIUrIvAe6nJLf4uwxWwAHwNa5PIeq3ADdE8tZlrmybgZBhoS2M3LiTHhBvgfpOOR6H63BDQINKPZv2BBNxS0tTb6KMu8FmWoeLZtzA+AsQAeLxIQColZVmtCH2y0FQ==
HuofRCeMRr8VOqLILRxbUBQ3Z6zdgKOGIK9KZleW2gtyENF3cTqp9w21fJ0Y1Advz6QLC0m/KXNfKip8I9Low+EHjyl3tAw=
LoR7wX1Aa78OgBbn0rzyQ15IUm1wWejCCJzu8lM6eMTqXUCGbn5IDhSBEQ5SJ2NlhEECroGm7J8lvtMWWJ6O0Bhffxp9P201CXBjQG4VdCUmpHFvj+V0FOENRVwbeg5dSLJ4F28iAPoVIhoElRv1TJGvI57L1wVCkIjxwrp3Gw/VrbW0zg==
XUTc/gH86sl1WnkgQnrkpFqx+kifPJNZyHKlMnTwpCs591BZNwyE/dZyuDP8LnWgWH4dUY4YQUg+JwIoyvHJ3guKL3S0DQ==
1KaHpYcRx61JDdG+QEYf0Vqx+kifPJNZyHanPHTwpCs591BZNwyE/dZyuDP8LnWgWH4dVo4YQUg+JwIoyvHJ3guKL3S0DQ==
zIrra88bgNnIexUhh0IJ0JdW/wLJQ/Agt/t9Y47JX////zl11i4dZHk0Y7djFLdDgf7tO6NaxiQH8sz7zReTIXO0CA==
9oKhQ85ZHS5tacuqbXxKy5AnVndW43+fYmhmUrrMWyCS/R/6k3pFUlrSoZzJwlJmeDlDDaFF7kxfkAu1+Hq/8BR8fGcJGwj1t6DcEeY+YL+c4m2saJKF9ks0WKSOq5rkqv0Rkrtmd1i0IQ==
KoO1oQU7wwwTFTp+syAerjfV4vL36NM2V8nVOpp5U2epHx8aHX/Ntemwg0BOVRSlRuRRb28l1JRBTSVcOzqu3ahyWBdPYmB6teI6BHXbVcwx70qb6xblwnBI0cLaN3uPdW1VtC4=
5FJ0KKECOM5MzEDmJOyN3faEJ1eNrSoBhh6IHc/VDwesVF1eWt65kPkuSkoYFZvhkQm2gJ9cU/lIlmdcdNDki7mXkHk3LESdVtL4E/xOtUDY3t07i/gA6L5HQsjK0Ql+i2pvVLQt
lZUZt7Z2pXuXt5/UwkR7MBd+YCxRRiViWuLBrAkSMvb4qeNdYbXOPF9gK8W4qh9glOycN0kr6MW3kDwhpm6ALxxyzXwo4qUHS0R4VE77OnQqbXFCe1YXaLQR
A6o0oDUc/cy/HhHtfy6dTSppy9cvmVEZQ08tZlrmybgZBhoS2M3LiTHhBvgfpOOR6H63BDQINKPZv2BBNxS0tTb6KMu8FmWoeLZtwwuAsAAeLxIQColZVmtCH2y0FQ==
2tIALy8aUeVPedvnVPZKjnM1mRjFp93noeDaZE02kZyGhEg/f/eJC6qevwaHPwDEy7LEWmB9AfUsh/dWcHt+oPQd7CSRlgCcgeVrYpRuNtUuZjqbTUhzSBNqtBc=
BhU/uIlFhoIu0znNeFbn6Plwwgb8JdZY4irifMFq1PMIPn9Y03kB8ZihUpYeo5RTaaQ7EjFkC0FJCdIpfj4XnI/QUFtu/y4sdWZS3nSMpkWAz3k3oYSSxMIWqv3Oy++U8NXa6Sr0i1cdO1FX2OcYO3mVTPsBcOe/CR0yfj4jZKlpko8Ur7M6R8jyIVGpmyhkZR2sIZxptBi/0oNGTYZObZggPijrsUnw+/vsBNWbNUzRL+qbi1bFQlAIscJ691sPFS31tI4=
Jg4ga+GLxmQHVr3w5bePqTT2+FW7pmre2fVRTaACL1wk9Ctny7Qv0xp/daw8uqf3TzKEC6X369ELtHA=
eeWAD7sgMnCrvAuntKJspYYgOMJxdxrhIlhu8h+NTGC5inBoGUmvRpoV5kiVqlqfJZTD/MsGtHM=
3JnUXpHXjqazGnLbFO8wAV5PBmJzX+2YX5y59lM6L5bpBEDSbH9IDk+BQQlSJ2Ji1RIF/dam7J8lvtMWWJ6O0Bhffxp9P201CXBjQG4VdCUmpHFvj+V0FOUPS1wbeg5dSLJ4F28iAPoVIhoElRv1TJGvJZnL1wdCmovxwrp3Gw/VrbW0zg==
/jZlneTZ+RzFX2bbDCvu7V4VB2UkWb+UXsy1oAk6eZG/BECGanFIDkuBQV5SdzRvhBRX/9Om7J8lvtMWWJ6O0Bhffxp9P201CXBjQG4VdCUmpHFvj+V0FOENRVwbeg5dSLJ4F28iAPoVIhoElRv1TJGvJZ/L1wdCmovxwrp3Gw/VrbW0zg==
Lor1Np54z8N0DxhodoeTMF5JUGUhDuuSCsq08F86I8HvXkDTYnRIDk6HRF9SJzYw0UNX/Yqm7J8lvtMWWJ6O0Bhffxp9P201CXBjQG4VdCUmpHFvj+V0FOENRVwbeg5dSLJ4F28iAPoVIhoElRv1TJGvI5jL1QdCmovxwrp3Gw/VrbW0zg==
k8p25tyjindeQAw7tCQbu15JUGUhDuuSCsq08F86I8HvXkDTYnRIDk6HRF9SJzYw0UNX/Yqm7J8lvtMWWJ6O0Bhffxp9P201CXBjQG4VdCUmpHFvj+V0FOUPS1wbeg5dSLJ4F28iAPoVIhoElRv1TJGvIZnL1AdCmovxwrp3Gw/VrbW0zg==
qPwtXzRvIvWdtu7dR2AKRAiAvpwPf3njgi9jrO4EMAQYRF2MgfLTSBjm2ZmUGVaf+E/MYLY2DEipkhCgabArrsXIxkOlkpo3tQwjtDt+tBs=
wLyKy6bmGQJ223ZrzdvGewa+5o4C+Ym0xRZz4TB7DjAmayfjaC4q8vIJvg4pJjsDLTzBEYPQGNsycc2ftfULUZG2c6pqSpms/MOD5PtUy/R/Ze4CpYe/v9trYAZl1ritL6GKkXaHpIl8CQ/9TvgkIO+qDt856mpDioQKbr1P3tnZ0Phpc5nJJ45cw2z1il/9JXeHkMN/C1zaYBtI4zkmy5H7ZVCUbNTCKY0z2dxa+Sz553hsK3+xIaPTHF6MKL4Y1LFBwca9SCaLXiRKdXfMsJkaMHi5mauWNQCm27V62k8FBIPsa9a0ow==
hFlAZ3kzfcxyi+UyAriuDlcfeXpUcs7/+wkz+9vRj/f3x/LxtiCLsKY4dsc2nvHHrJKMYx/YODyv+YLXIAPchqapWewL4LaEWe64BUs+tyqbJotTtmiZaV+dv01I/EnIyJ87t7Kbaomki3gPB+dCxjQy21wW9UXESqGu4mJUUZHuq40GAKMv14nlShqLNjl0j69RwV96fxFr/j7GszJPp9Z5BW3d2gjiVECtC7tDUORpvk2R4MbX0RFDBzX05OB2DuoA5zmLGnOIZM+Y7JA5CZxibSxoEoV3S7RRJo4hmWSqfRESu+Z32LSh
eHZRjLr814yDDBCIuP4G7JqotTIcPeeVKqxiIhBH5PpxfLOQnOahvpwa1WF1zeXtfLWLPg3jrZrxaz7dgaO9KN8XCYjrOcNCLh9Pgf1TY8kQepFXNi8gVZbsne9vMCqpJA4S9AYkBuKEs3bUcdyXeT+6LKt7GvxkGaYVF9Y2fr91XIrR+KmIcPGfB09jh6pTwlNDcQ5bgxTdVxMpwO6M1z6hk9YtlA33wE+SBpPBW68yjF95LoHejY5wZWbxln/yVKXipJxoybUzOGGPXtSnr+8ka8uou4k7farAv0PSSAMBh+9p17Ss
N9kekNDg/XhcaUk5ADbiciU9f2KxeMK1WxZWX4z0rSVjI7/IFEVtcDIwSvpN/vu9S3GSDeWiowMDxp/T/BYv2u/6Bq9H1CX5DR5gJ4FdsyNNFf5C/wsYzw5J+NRz80FAJLUqNhzoCCQI/oqLeMh/rLll0YJCt1X60jh3nvvL+EYwY7tkxI02aUYsvyfJky33BI8s6y0toLstiLPv/bVungJLsBkdSqMUg2tO9xyaHbH1M9w0MeWAYXDR4MiLul/mMS6aHaz4UqgH6X0Ar1MQpIlzARwFl4ZbpycTki6jbaJGHw+/4XXZtKI=
SR2I6OgsX5XPyHxqefKE2bpu3PtPHHv0MgorOez9BVLW8JHbDAkR1/Lm+bR+Y8EBHXI+xh3MGaWG+fV6M/aXoN0pS4tJZ70QZ7lP2prv2ymB878hpCrF7/rvbC3CPGnHM1AWQTA+ZuwKJAr68INiPE28y1HLanjTN9ow3E32of8KlgIX4aw+SXQpBOhF75Pnnyf2O3aDl8lCG0/sCQdnARwOsL8qkWfOIZQB7zR/hm6vIYeHRtyLgeLBkjVaoNEOrTaDWsDVVjwQ6EUth8j1JyJ0e0dbdD9zZHvFQyl6NJcfsnTrFbebcdu0oA==
nbLzYDmo/iDw5YI3Lnql7iU9f2KxeMK1WxZWX4z0rSVjI7/IFEVtcDIwSvpN/vu9S3GSDeWiowMDxp/T0AEvze71G69H1CX5DR5gJ4FdsyNNFf5C/wsYzw5J+NRz80FAJLUqNhzoCCQI/oqLeMh/rLll0YJCt1X60jh3nvvL+EYwY7tkxI02aUYsvyfJky33BI8s6y0toLstiLPv/bVungJLsBkdSqMUg2tO9xyaHbH1M9w0MeWAYXDR4MiLul/mMS6aHaz4UqgH6X0Ar1MQpIlzARwFl4ZbpycTki6jbaJGHw+/4XXZtKI=
xahZnXUlEU9ETb0SY30Szbpu3PtPHHv0MgorOez9BVLW8JHbDAkR0fLm+bR4Y8EBHXI+xh3MGaWG+fV6IvCVtdk9S4tJZ70QZ7lP2prv2ymB878hpCrF7/rvbC3CPGnHM1AWQTA+ZuwKJAr68INiPE28y1HLanjTN9ow3E32of8KlgIX4aw+SXQpBOhF75Pnnyf2O3aDl8lCG0/sCQdnARwOsL8qkWfOIZQB7zR/hm6vIYeHRtyLgeLBkjVaoNEOrTaDWsDVVjwQ6EUth8j1JyJ0e0dbdD9zZHvFQyl6NJcfsnTrFbebcdu0oA==
FwvL11gEK8m3DtvQP6P3OQa+5o4C+Ym0xRZz4TB7DjAmayfjaC4q9ONR5h4/LW9cKj/UOMWzX5klKdrfsccMR4Src6pqSpms/MOD5PtUy/R/Ze4CpYe/v9trYAZl1ritL6GKkXaHpIl8CQ/9TvgkIO+qDt856mpDioQKbr1P3tnZ0Phpc5nJJ45cw2z1il/9JXeHkMN/C1zaYBtI4zkmy5H7ZVCUbNTCKY0z2dxa+Sz553hsK3+xIaPTHF6MKL4Y1LFBwca9SCaLXiRKdXfMsJkaMHi5mauWNQCm27V62k8FBIPsa9a0ow==
8b48cpyiNW5haDY00aA2wwa+5o4C+Ym0xRZz4TB7DjAmayfjaC4q9ONR5h4/LW9cKj/UOMWzX5klKdrfuNQGWoSpc6pqSpms/MOD5PtUy/R/Ze4CpYe/v9trYAZl1ritL6GKkXaHpIl8CQ/9TvgkIO+qDt856mpDioQKbr1P3tnZ0Phpc5nJJ45cw2z1il/9JXeHkMN/C1zaYBtI4zkmy5H7ZVCUbNTCKY0z2dxa+Sz553hsK3+xIaPTHF6MKL4Y1LFBwca9SCaLXiRKdXfMsJkaMHi5mauWNQCm27V62k8FBIPsa9a0ow==
Z1bs8ET79Js/s2JpCdEhoZ68uFaWHwuw5vEG76lM6FcRsq7avmZMmsRU16SwdX65cvUeIJnfojSIduQ47OBBP/KYvu4CQ69fm5Q+ANlqMHHbil/OO0Lj52acUS0f2Xe5mMghrOh704Oi72KNpI9wexfTqiIUVrNoxgGNgArlZhay4Dn1Tk9lspDXp1MJYcJuG4LRkC/LOXWPjrdVK7r2MmMGJ8P2ne1Zza4A5lREpX+rd7gASdolpTAyH5VRB8/BJFCIEq4O6FOp/5L3COBH7Hwk0e08BgWYuOZNMwvwmdJeFfEAipn5JquSf9y0pQ==
4jAGw7BrQaMeJMBwoy3DxgiAvpwPf3njgi9jrO4EMAQYRF2MgfLTSBjm2ZmUHV+I/0/MYLY2DEipkhCgabwqrsXIxkOlkpo3tQwjtDt+tBs=
LGF8B5UyQ3kNMywLSz7nWQiAvpwPf3njgi9jrO4EMAQYRF2MgfLTSBjm2ZmUGVaf+E/MYLY2DEipkhCgabwprsXIxkOlkpo3tQwjtDt+tBs=
vUuCWGKH3B93xHvORY8HCAiAvpwPf3nmgi1igOoEMAQYRV2Mg/P/TBjm2ZmUHV+I/0/MYLY2DEipkhCgabsorsXIxkOlkpo3tQwjtDt+tBs=
vbKoU+oN2m54wXXUs4cuHV4VB2UkWb+UXsy1oAk6eZG/BECGanFIDkuBQV5SdzRvhBRX/9Om7J8lvtMWWJ6O0Bhffxp9P201CXBjQG4VdCUmpHFvj+V0FOUPS1wbeg5dSLJ4F28iAPoVIhoElRv1TJGvJJvL3gdCmovxwrp3Gw/VrbW0zg==
8bVJ7dI86csYUJnBFHGk1V4bAGwnWurHCc/spVk6fZDtBECAaCZIDhyARwxSIzM10BJZ+tam7J8lvtMWWJ6O0Bhffxp9P201CXBjQG4VdCUmpHFvj+V0FOENRVwbeg5dSLJ4F28iAPoVIhoElRv1TJGvIZrL3gdCmovxwrp3Gw/VrbW0zg==
UY+MGvCqi2Xfn3a8E9aCFl4dVzIoW+jCVJzsoF86IsC8BUDVaHFIDhWGEQlSJTdlgUlTpYGm7J8lvtMWWJ6O0Bhffxp9P201CXBjQG4VdCUmpHFvj+V0FOENRVwbeg5dSLJ4F28iAPoVIhoElRv1TJGvKpnL3gdCmovxwrp3Gw/VrbW0zg==
CaKaBU0/W3Nr59F6nCnyj14dVzIoW+jCVJzsoF86IsC8BUDVaHFIDhWGEQlSJTdlgUlTpYGm7J8lvtMWWJ6O0Bhffxp9P201CXBjQG4VdCUmpHFvj+V0FOUPS1wbeg5dSLJ4F28iAPoVIhoElRv1TJGvIZrL3wZCmovxwrp3Gw/VrbW0zg==
noE2hwK6z62PPyn9Il1DYl5JAGAhDL3DD5m+8g06IsfnBUCCOH9IDkjQRAtSJ2Vh1UBXr4Cm7J8lvtMWWJ6O0Bhffxp9P201CXBjQG4VdCUmpHFvj+V0FOENRVwbeg5dSLJ4F28iAPoVIhoElRv1TJGvJprL3wZCmovxwrp3Gw/VrbW0zg==
LP4nfRxy1ivEVb8/uGucMAiAvpwPf3nmgi1igOoEMAQYRV2Mg/P/TBjm2ZmUGVaf+E/MYLY2DEipkhCgabErrsTJxkOlkpo3tQwjtDt+tBs=
m3dEEhCVDrkRye6TwTY4twiAvpwPf3njgixjrO4EMAQYRV2MgfLTSBjm2ZmUGVaf+E/MYLY2DEipkhCgabkqrsTJxkOlkpo3tQwjtDt+tBs=
zjDs0t6lescP4rKp8sYYiwiAvpwPf3njgi9jrO4EMAQYRV2MgfLTSBjm2ZmUHV+I/0/MYLY2DEipkhCgaboprsTJxkOlkpo3tQwjtDt+tBs=
KwK3CmUlUHpQaP9E0c5ifV5JAGAhDL3DD5m+8g06IsfnBUCCOH9IDkjQRAtSJ2Vh1UBXr4Cm7J8lvtMWWJ6O0Bhffxp9P201CXBjQG4VdCUmpHFvj+V0FOUPS1wbeg5dSLJ4F28iAPoVIhoElRv1TJGvKpnL3gZCmovxwrp3Gw/VrbW0zg==
AmLZxf4okUNTmxoms5Je9V5IVWUpWrqWCJm1q1w6LpTvXkDTbXNIDhWFQVtScjQ30kAC+tOm7J8lvtMWWJ6O0Bhffxp9P201CXBjQG4VdCUmpHFvj+V0FOENRVwbeg5dSLJ4F28iAPoVIhoElRv1TJGvJpjL3gZCmovxwrp3Gw/VrbW0zg==
WcP1KCeXHvctpqwGnKK1Pl4bAGwnWurHCc/spVk6fZDtBECAaCZIDhyARwxSIzM10BJZ+tam7J8lvtMWWJ6O0Bhffxp9P201CXBjQG4VdCUmpHFvj+V0FOUPS1wbeg5dSLJ4F28iAPoVIhoElRv1TJGvI57L3gZCmovxwrp3Gw/VrbW0zg==
9iMgJJ628c6pyxfP/EMdV15KVWwiVb+RVJvspls6esftBUCAa35IDhyHRgtSIzEy10hS+YSm7J8lvtMWWJ6O0Bhffxp9P201CXBjQG4VdCUmpHFvj+V0FOENRVwbeg5dSLJ4F28iAPoVIhoElRv1TJGvJp7L3gZCmovxwrp3Gw/VrbW0zg==
TkQpr0VVF6nlG2gNl37Ccl5IVWUpWrqWCJm1q1w6LpTvXkDTbXNIDhWFQVtScjQ30kAC+tOm7J8lvtMWWJ6O0Bhffxp9P201CXBjQG4VdCUmpHFvj+V0FOUPS1wbeg5dSLJ4F28iAPoVIhoElRv1TJGvIpjL1gVCmovxwrp3Gw/VrbW0zg==
LLyjy+5gni7vF+PPcjAzH14dVTIoDL6RCZnu8Q86L8fvXUDSbXBIDkyAFl9ScjAwgUdQ+NGm7J8lvtMWWJ6O0Bhffxp9P201CXBjQG4VdCUmpHFvj+V0FOENRVwbeg5dSLJ4F28iAPoVIhoElRv1TJGvJZjL1gVCmovxwrp3Gw/VrbW0zg==
76WlXjnAAg3PvHl2AfwV4V5KVWwiVb+RVJvspls6esftBUCAa35IDhyHRgtSIzEy10hS+YSm7J8lvtMWWJ6O0Bhffxp9P201CXBjQG4VdCUmpHFvj+V0FOUPS1wbeg5dSLJ4F28iAPoVIhoElRv1TJGvJJvL1AVCmovxwrp3Gw/VrbW0zg==
nvFyFlD9JEBQSbFU7SaB815IUTZ3C76SWZvsq1w6f5C4BECAbn9IDkzXRFlSIDU0gEJZ/9em7J8lvtMWWJ6O0Bhffxp9P201CXBjQG4VdCUmpHFvj+V0FOENRVwbeg5dSLJ4F28iAPoVIhoElRv1TJGvIZnL1AVCmovxwrp3Gw/VrbW0zg==
ssrEeMmeVA85qsC9rZ1xmF5IUTZ3C76SWZvsq1w6f5C4BECAbn9IDkzXRFlSIDU0gEJZ/9em7J8lvtMWWJ6O0Bhffxp9P201CXBjQG4VdCUmpHFvj+V0FOUPS1wbeg5dSLJ4F28iAPoVIhoElRv1TJGvJZjL1AVCmovxwrp3Gw/VrbW0zg==
XNGZwpR7Td0BA/CyvE2+LV5JADcmWe2WW5u9qlg6LJXuXUDUPCJIDkvSEQhSdmVugxUDpICm7J8lvtMWWJ6O0Bhffxp9P201CXBjQG4VdCUmpHFvj+V0FOENRVwbeg5dSLJ4F28iAPoVIhoElRv1TJGvIp/L1AVCmovxwrp3Gw/VrbW0zg==
htfCk8PyS/6rnE7NaMN7JQiAvpwPf3njgi9jrO4EMAQYRV2MgfLTSBjm2ZmUGVaf+E/MYLY2DEipkhCgab0ursjKxkOlkpo3tQwjtDt+tBs=
r7GPGg/kDNxFt/PHOXOfQgiAvpwPf3njgi9jrO4EMAQYRViMgfLTSBjm2ZmUHV+I/0/MYLY2DEipkhCgabwrrsvKxkOlkpo3tQwjtDt+tBs=
j4IUem/b+Hu6d0IQ5rzEzl4dVTIoDL6RCZnu8Q86L8fvXUDSbXBIDkyAFl9ScjAwgUdQ+NGm7J8lvtMWWJ6O0Bhffxp9P201CXBjQG4VdCUmpHFvj+V0FOUPS1wbeg5dSLJ4F28iAPoVIhoElRv1TJGvJZ/L0QVCmovxwrp3Gw/VrbW0zg==
WQdNYCXRKyaR37pdkEovul4bBzYnW7eZCs+5oFI6fpToBUDTa3BIDknTFl9SdjNghkRYroum7J8lvtMWWJ6O0Bhffxp9P201CXBjQG4VdCUmpHFvj+V0FOENRVwbeg5dSLJ4F28iAPoVIhoElRv1TJGvKp7L0QVCmovxwrp3Gw/VrbW0zg==
jxpcBPYG3Pnh1EEPXbJxPF4bBzYnW7eZCs+5oFI6fpToBUDTa3BIDknTFl9SdjNghkRYroum7J8lvtMWWJ6O0Bhffxp9P201CXBjQG4VdCUmpHFvj+V0FOUPS1wbeg5dSLJ4F28iAPoVIhoElRv1TJGvJZrL0AVCmovxwrp3Gw/VrbW0zg==
+SPx1PF/vloHef9bml9GwF4bXWMkCLmQCJrpoF06L5u8XUDSbiJIDk/REF5SdWZg1EhTr9em7J8lvtMWWJ6O0Bhffxp9P201CXBjQG4VdCUmpHFvj+V0FOENRVwbeg5dSLJ4F28iAPoVIhoElRv1TJGvIZnL0AVCmovxwrp3Gw/VrbW0zg==
4jx3GTnqw3/LK8blqF1P314bXWMkCLmQCJrpoF06L5u8XUDSbiJIDk/REF5SdWZg1EhTr9em7J8lvtMWWJ6O0Bhffxp9P201CXBjQG4VdCUmpHFvj+V0FOUPS1wbeg5dSLJ4F28iAPoVIhoElRv1TJGvIJ/L3wVCmovxwrp3Gw/VrbW0zg==
MIddSa0p9ZRnaUuMWeLsPV4UXG0nXb/DWsjoqgo6I8fqXUDVbXZIDk7dTAtSdmEy0kFUq4em7J8lvtMWWJ6O0Bhffxp9P201CXBjQG4VdCUmpHFvj+V0FOENRVwbeg5dSLJ4F28iAPoVIhoElRv1TJGvK5/L3wVCmovxwrp3Gw/VrbW0zg==
e4uy9JZmiIPsH9QDxiGrVl4UXG0nXb/DWsjoqgo6I8fqXUDVbXZIDk7dTAtSdmEy0kFUq4em7J8lvtMWWJ6O0Bhffxp9P201CXBjQG4VdCUmpHFvj+V0FOUPS1wbeg5dSLJ4F28iAPoVIhoElRv1TJGvJ57L3gVCmovxwrp3Gw/VrbW0zg==
5HgyRDv2N6Pm5DR4mvY5214ZXGInVeuWD5vrqwo6KpLuXkDVYyJIDk7WQwpSJDUy0ENRroam7J8lvtMWWJ6O0Bhffxp9P201CXBjQG4VdCUmpHFvj+V0FOENRVwbeg5dSLJ4F28iAPoVIhoElRv1TJGvK57L3gVCmovxwrp3Gw/VrbW0zg==
nzJj19aP8CQOa49+JY2yYF4ZXGInVeuWD5vrqwo6KpLuXkDVYyJIDk7WQwpSJDUy0ENRroam7J8lvtMWWJ6O0Bhffxp9P201CXBjQG4VdCUmpHFvj+V0FOUPS1wbeg5dSLJ4F28iAPoVIhoElRv1TJGvJZnL1wRCmovxwrp3Gw/VrbW0zg==
xYskfRqlfyxm9PSrh1zAql4fXGIhD7uXXZq6og06I8HmXkCCYnVIDhTVEQtSJjA31xJTpYam7J8lvtMWWJ6O0Bhffxp9P201CXBjQG4VdCUmpHFvj+V0FOENRVwbeg5dSLJ4F28iAPoVIhoElRv1TJGvIpjL1wRCmovxwrp3Gw/VrbW0zg==
mr97PHGowZQKIfVy+oMU+14fXGIhD7uXXZq6og06I8HmXkCCYnVIDhTVEQtSJjA31xJTpYam7J8lvtMWWJ6O0Bhffxp9P201CXBjQG4VdCUmpHFvj+V0FOUPS1wbeg5dSLJ4F28iAPoVIhoElRv1TJGvIZjL1gRCmovxwrp3Gw/VrbW0zg==
/JPTtf9J3BzDkL22I4ZQKl4cAGAoC7qRD8698l46I8G/XkDTbiFIDk/UEgJScWFh1klXqIGm7J8lvtMWWJ6O0Bhffxp9P201CXBjQG4VdCUmpHFvj+V0FOENRVwbeg5dSLJ4F28iAPoVIhoElRv1TJGvK5jL1gRCmovxwrp3Gw/VrbW0zg==
60L1/t8JgedLJekuBYWt7F4cAGAoC7qRD8698l46I8G/XkDTbiFIDk/UEgJScWFh1klXqIGm7J8lvtMWWJ6O0Bhffxp9P201CXBjQG4VdCUmpHFvj+V0FOUPS1wbeg5dSLJ4F28iAPoVIhoElRv1TJGvIp/L1gRCmovxwrp3Gw/VrbW0zg==
8iX7QCJlHvSyhXbIsH9I+15NVTF1COiUCcvspQk6K8C9BECPPCVIDhyCR1xSJjMy3UFTq9em7J8lvtMWWJ6O0Bhffxp9P201CXBjQG4VdCUmpHFvj+V0FOENRVwbeg5dSLJ4F28iAPoVIhoElRv1TJGvKprL1QRCmovxwrp3Gw/VrbW0zg==
mJWNtHERzkYviVI98QLRNV5NVTF1COiUCcvspQk6K8C9BECPPCVIDhyCR1xSJjMy3UFTq9em7J8lvtMWWJ6O0Bhffxp9P201CXBjQG4VdCUmpHFvj+V0FOUPS1wbeg5dSLJ4F28iAPoVIhoElRv1TJGvJJnL1QRCmovxwrp3Gw/VrbW0zg==
rmm2hUnxIMP9oNMZpyEI514cXDYhW+yQVc/u91w6KsDpXUCOa3FIDkndTAhSIDZv1EVR/Yem7J8lvtMWWJ6O0Bhffxp9P201CXBjQG4VdCUmpHFvj+V0FOENRVwbeg5dSLJ4F28iAPoVIhoElRv1TJGvJp/L1QRCmovxwrp3Gw/VrbW0zg==
3zSxAwndW4r1lAtgL0JSN14cXDYhW+yQVc/u91w6KsDpXUCOa3FIDkndTAhSIDZv1EVR/Yem7J8lvtMWWJ6O0Bhffxp9P201CXBjQG4VdCUmpHFvj+V0FOUPS1wbeg5dSLJ4F28iAPoVIhoElRv1TJGvK5/L1QRCmovxwrp3Gw/VrbW0zg==
TyXiCneVnUy7M2R9jZRNyF4ZXGAoCbiUD5vopF86KZvnBECOYn9IDhvWQwJScT800kFVqYGm7J8lvtMWWJ6O0Bhffxp9P201CXBjQG4VdCUmpHFvj+V0FOENRVwbeg5dSLJ4F28iAPoVIhoElRv1TJGvK5vL1ARCmovxwrp3Gw/VrbW0zg==
5wIhQ6H9ILqTzWoc/wKyT14ZXGAoCbiUD5vopF86KZvnBECOYn9IDhvWQwJScT800kFVqYGm7J8lvtMWWJ6O0Bhffxp9P201CXBjQG4VdCUmpHFvj+V0FOUPS1wbeg5dSLJ4F28iAPoVIhoElRv1TJGvIprL1ARCmovxwrp3Gw/VrbW0zg==
2bujEOwColp57/pWai2K6V5JADcmWe2WW5u9qlg6LJXuXUDUPCJIDkvSEQhSdmVugxUDpICm7J8lvtMWWJ6O0Bhffxp9P201CXBjQG4VdCUmpHFvj+V0FOUPS1wbeg5dSLJ4F28iAPoVIhoElRv1TJGvJ57L1ARCmovxwrp3Gw/VrbW0zg==
3/Ig9xWVyN7sq1B9JwcukV4UUm0iXO+TXM679l06Kca8BECBOSZIDhnREF9SIT9i10QC+oem7J8lvtMWWJ6O0Bhffxp9P201CXBjQG4VdCUmpHFvj+V0FOENRVwbeg5dSLJ4F28iAPoVIhoElRv1TJGvK57L1ARCmovxwrp3Gw/VrbW0zg==
dikWzYHo96ldMKHzn+AsGV4aXWFwWLeUCp3ppA06KsO8XkCHOSJIDhjRRgxSITcw0RNW/dSm7J8lvtMWWJ6O0Bhffxp9P201CXBjQG4VdCUmpHFvj+V0FOENRVwbeg5dSLJ4F28iAPoVIhoElRv1TJGvJ5rL0wRCmovxwrp3Gw/VrbW0zg==
+nugSMtAQY3qmPEaUNVq4l4aXWFwWLeUCp3ppA06KsO8XkCHOSJIDhjRRgxSITcw0RNW/dSm7J8lvtMWWJ6O0Bhffxp9P201CXBjQG4VdCUmpHFvj+V0FOUPS1wbeg5dSLJ4F28iAPoVIhoElRv1TJGvJZrL0wRCmovxwrp3Gw/VrbW0zg==
j15qGrXv8VysJJmMakicPl5IXDdwWrvAX8y4oVs6fcbnXUCAYiRIDh/VFQtScDJhhElQ+YKm7J8lvtMWWJ6O0Bhffxp9P201CXBjQG4VdCUmpHFvj+V0FOENRVwbeg5dSLJ4F28iAPoVIhoElRv1TJGvKprL0gRCmovxwrp3Gw/VrbW0zg==
6Xms2fIwUcR5f8LmIQKPL15IXDdwWrvAX8y4oVs6fcbnXUCAYiRIDh/VFQtScDJhhElQ+YKm7J8lvtMWWJ6O0Bhffxp9P201CXBjQG4VdCUmpHFvj+V0FOUPS1wbeg5dSLJ4F28iAPoVIhoElRv1TJGvIZnL0gRCmovxwrp3Gw/VrbW0zg==
GYhOTljlH9aI/qa7w5DGy15JUmYgW+2XWc+/9Vw6LJO8BUDQYn9IDhvRR15ScjAy3EICq4Wm7J8lvtMWWJ6O0Bhffxp9P201CXBjQG4VdCUmpHFvj+V0FOENRVwbeg5dSLJ4F28iAPoVIhoElRv1TJGvI5nL0QRCmovxwrp3Gw/VrbW0zg==
mf6UiLbdy1zsW+tf6jAMF15JUmYgW+2XWc+/9Vw6LJO8BUDQYn9IDhvRR15ScjAy3EICq4Wm7J8lvtMWWJ6O0Bhffxp9P201CXBjQG4VdCUmpHFvj+V0FOUPS1wbeg5dSLJ4F28iAPoVIhoElRv1TJGvJ5nL0QRCmovxwrp3Gw/VrbW0zg==
yCBCxIP2HqIlXqNOYAkRQF4VUmAiX76RXcju8lw6IprpBUCDbSZIDh/cQ1tSIjdmgUdZqYSm7J8lvtMWWJ6O0Bhffxp9P201CXBjQG4VdCUmpHFvj+V0FOENRVwbeg5dSLJ4F28iAPoVIhoElRv1TJGvI5rL0ARCmovxwrp3Gw/VrbW0zg==
wCnq0ozMOimi3cUCJEWdAl4VUmAiX76RXcju8lw6IprpBUCDbSZIDh/cQ1tSIjdmgUdZqYSm7J8lvtMWWJ6O0Bhffxp9P201CXBjQG4VdCUmpHFvj+V0FOUPS1wbeg5dSLJ4F28iAPoVIhoElRv1TJGvI5jL0ARCmovxwrp3Gw/VrbW0zg==
LwOQe5EOAvqO0AzWAndHc14ZVjEpCOyWCZm88FI6LJHoXUCAYiJIDhWCFVlScDVi0hUHqoWm7J8lvtMWWJ6O0Bhffxp9P201CXBjQG4VdCUmpHFvj+V0FOENRVwbeg5dSLJ4F28iAPoVIhoElRv1TJGvJpjL0ARCmovxwrp3Gw/VrbW0zg==
3K1VeYK9o4PiKnE05kMiH14ZVjEpCOyWCZm88FI6LJHoXUCAYiJIDhWCFVlScDVi0hUHqoWm7J8lvtMWWJ6O0Bhffxp9P201CXBjQG4VdCUmpHFvj+V0FOUPS1wbeg5dSLJ4F28iAPoVIhoElRv1TJGvJJjL0ARCmovxwrp3Gw/VrbW0zg==
MNdPz0JXvA88krcJWCxmI14eBDEmD7qTXcu59106LpO8BUDTbiJIDhvVRFtScTZlhBFUpIum7J8lvtMWWJ6O0Bhffxp9P201CXBjQG4VdCUmpHFvj+V0FOENRVwbeg5dSLJ4F28iAPoVIhoElRv1TJGvJJvL3wRCmovxwrp3Gw/VrbW0zg==
ikOsKmhC6n+CepSg4gMW/V4eBDEmD7qTXcu59106LpO8BUDTbiJIDhvVRFtScTZlhBFUpIum7J8lvtMWWJ6O0Bhffxp9P201CXBjQG4VdCUmpHFvj+V0FOUPS1wbeg5dSLJ4F28iAPoVIhoElRv1TJGvI5nL3wRCmovxwrp3Gw/VrbW0zg==
9CEuxALmI7HkRCWTiJQfgl5IUzEkWrvAWMu48FM6IpvuBEDVYnZIDkndQAxSIjFl0UYDq4Gm7J8lvtMWWJ6O0Bhffxp9P201CXBjQG4VdCUmpHFvj+V0FOENRVwbeg5dSLJ4F28iAPoVIhoElRv1TJGvJ5nL3wRCmovxwrp3Gw/VrbW0zg==
wLGuc757n3+CwjdGPgXRCl5IUzEkWrvAWMu48FM6IpvuBEDVYnZIDkndQAxSIjFl0UYDq4Gm7J8lvtMWWJ6O0Bhffxp9P201CXBjQG4VdCUmpHFvj+V0FOUPS1wbeg5dSLJ4F28iAPoVIhoElRv1TJGvJJjL3wRCmovxwrp3Gw/VrbW0zg==
Sk8VvX++0J7Qx8b6KcoTq14YU20oXbzEWMu68Vs6KMPtBECBa3BIDk6GQghSdzJu0kQC+dem7J8lvtMWWJ6O0Bhffxp9P201CXBjQG4VdCUmpHFvj+V0FOENRVwbeg5dSLJ4F28iAPoVIhoElRv1TJGvIZ/L3wRCmovxwrp3Gw/VrbW0zg==
XppAerdwCpTo8wsBY0XRlgiAvpwPf3njgixjrO4EMAQYRV2MgfLTSBjm2ZmUHV+I/0/MYLY2DEipkhCgabAorszMxkOlkpo3tQwjtDt+tBs=
tLqGsBBuIIVs4sgZ0TCN314UUm0iXO+TXM679l06Kca8BECBOSZIDhnREF9SIT9i10QC+oem7J8lvtMWWJ6O0Bhffxp9P201CXBjQG4VdCUmpHFvj+V0FOUPS1wbeg5dSLJ4F28iAPoVIhoElRv1TJGvJJjL1QNCmovxwrp3Gw/VrbW0zg==
csN21IEllbUm0NXEKUR7vV4VUTUkD+rHCp3uo1k6eZW9BUDTbyNIDhvdRQ9Sdj830BYA+IOm7J8lvtMWWJ6O0Bhffxp9P201CXBjQG4VdCUmpHFvj+V0FOENRVwbeg5dSLJ4F28iAPoVIhoElRv1TJGvIZ/L1QNCmovxwrp3Gw/VrbW0zg==
0XT8dOZFSfmz9oLxkXvSyV5NU2AoWrnDXsvooFw6L8TnBUCBOH5IDk6FTQNSJTRv0kAE+Yqm7J8lvtMWWJ6O0Bhffxp9P201CXBjQG4VdCUmpHFvj+V0FOUPS1wbeg5dSLJ4F28iAPoVIhoElRv1TJGvIJ7L1QNCmovxwrp3Gw/VrbW0zg==
btiXKPPtc3B+0P/+79J09F5NUjUiCOvCXZ66oV46I8O9BUCAbH5IDhndQghSJWRj1klWrdam7J8lvtMWWJ6O0Bhffxp9P201CXBjQG4VdCUmpHFvj+V0FOENRVwbeg5dSLJ4F28iAPoVIhoElRv1TJGvIpvL1ANCmovxwrp3Gw/VrbW0zg==
2QP5gby9we00rJzJ88MM3F5NUjUiCOvCXZ66oV46I8O9BUCAbH5IDhndQghSJWRj1klWrdam7J8lvtMWWJ6O0Bhffxp9P201CXBjQG4VdCUmpHFvj+V0FOUPS1wbeg5dSLJ4F28iAPoVIhoElRv1TJGvI5rL1ANCmovxwrp3Gw/VrbW0zg==
naMw5QBFl1QQKX7qEVJAFV4eUmUiWbqYWsfvp1M6K5u7XUCGaHJIDkmHEg5SIWJu0RUH/YKm7J8lvtMWWJ6O0Bhffxp9P201CXBjQG4VdCUmpHFvj+V0FOENRVwbeg5dSLJ4F28iAPoVIhoElRv1TJGvJprL1ANCmovxwrp3Gw/VrbW0zg==
QtpdSSIl0hv7dyTiHWIOqV4eUmUiWbqYWsfvp1M6K5u7XUCGaHJIDkmHEg5SIWJu0RUH/YKm7J8lvtMWWJ6O0Bhffxp9P201CXBjQG4VdCUmpHFvj+V0FOUPS1wbeg5dSLJ4F28iAPoVIhoElRv1TJGvJZvL0wNCmovxwrp3Gw/VrbW0zg==
aHv1cjBF74gVDSXCZv2jAF4dBG0kDLrFDsnrols6KsfsXkDQYiJIDhyFFwJSdT9gg0VTqICm7J8lvtMWWJ6O0Bhffxp9P201CXBjQG4VdCUmpHFvj+V0FOENRVwbeg5dSLJ4F28iAPoVIhoElRv1TJGvIZrL0wNCmovxwrp3Gw/VrbW0zg==
/t/J19pUFWEq/jWsNinTkl4dBG0kDLrFDsnrols6KsfsXkDQYiJIDhyFFwJSdT9gg0VTqICm7J8lvtMWWJ6O0Bhffxp9P201CXBjQG4VdCUmpHFvj+V0FOUPS1wbeg5dSLJ4F28iAPoVIhoElRv1TJGvJprL0wNCmovxwrp3Gw/VrbW0zg==
UdyD5PYEGoDTju9KoOw2MF4UUjdzC7mQCZ3o8go6KJfuBEDVaXdIDh/XEl9SJjVl0RZQrIOm7J8lvtMWWJ6O0Bhffxp9P201CXBjQG4VdCUmpHFvj+V0FOENRVwbeg5dSLJ4F28iAPoVIhoElRv1TJGvJ5jL0wNCmovxwrp3Gw/VrbW0zg==
eTNw/hyrPOiaZaaIh+uHs14UUjdzC7mQCZ3o8go6KJfuBEDVaXdIDh/XEl9SJjVl0RZQrIOm7J8lvtMWWJ6O0Bhffxp9P201CXBjQG4VdCUmpHFvj+V0FOUPS1wbeg5dSLJ4F28iAPoVIhoElRv1TJGvJZjL0wNCmovxwrp3Gw/VrbW0zg==
WfJDbpZNisRPwqQxBE7M0F4cBGQjWL6XWJm0pVw6LZfqXUCFOCFIDhncQFxSIWFhhhJSq9Om7J8lvtMWWJ6O0Bhffxp9P201CXBjQG4VdCUmpHFvj+V0FOENRVwbeg5dSLJ4F28iAPoVIhoElRv1TJGvK57L0wNCmovxwrp3Gw/VrbW0zg==
IctPfSkf570rIp2amcYzd14cBGQjWL6XWJm0pVw6LZfqXUCFOCFIDhncQFxSIWFhhhJSq9Om7J8lvtMWWJ6O0Bhffxp9P201CXBjQG4VdCUmpHFvj+V0FOUPS1wbeg5dSLJ4F28iAPoVIhoElRv1TJGvJp7L0gNCmovxwrp3Gw/VrbW0zg==
VGaPzrFDYxaUTRXIDkPpo14UUG1zDLrCDc7s8Vk6K5vnBEDUbXFIDkjWTVlSIT400UBQqoSm7J8lvtMWWJ6O0Bhffxp9P201CXBjQG4VdCUmpHFvj+V0FOENRVwbeg5dSLJ4F28iAPoVIhoElRv1TJGvI5vL0QNCmovxwrp3Gw/VrbW0zg==
gM6HpASqzQxc+a6ABiz3H14VUTUkD+rHCp3uo1k6eZW9BUDTbyNIDhvdRQ9Sdj830BYA+IOm7J8lvtMWWJ6O0Bhffxp9P201CXBjQG4VdCUmpHFvj+V0FOUPS1wbeg5dSLJ4F28iAPoVIhoElRv1TJGvKp/L0ANCmovxwrp3Gw/VrbW0zg==
ejnHVM25i+DYTkkLjXudPV5KU2MlWurHVZm48VM6L5e6XkCFOyNIDh+CF1tSdT9lg0UHqtOm7J8lvtMWWJ6O0Bhffxp9P201CXBjQG4VdCUmpHFvj+V0FOENRVwbeg5dSLJ4F28iAPoVIhoElRv1TJGvK57L0ANCmovxwrp3Gw/VrbW0zg==
BCOlPmL1xEbVqeb7gBjPVV4YU20oXbzEWMu68Vs6KMPtBECBa3BIDk6GQghSdzJu0kQC+dem7J8lvtMWWJ6O0Bhffxp9P201CXBjQG4VdCUmpHFvj+V0FOUPS1wbeg5dSLJ4F28iAPoVIhoElRv1TJGvKprL3wNCmovxwrp3Gw/VrbW0zg==
QUeEsn5yxRZw6vfHKrhzxV5KUGUoC+vAWcrvq1o6LZTtXkDSaHJIDh7WFVtSIGRh0BEDqNem7J8lvtMWWJ6O0Bhffxp9P201CXBjQG4VdCUmpHFvj+V0FOENRVwbeg5dSLJ4F28iAPoVIhoElRv1TJGvJZnL3wNCmovxwrp3Gw/VrbW0zg==
qa27Alw2nliaIB7/bPGy6F5KUGUoC+vAWcrvq1o6LZTtXkDSaHJIDh7WFVtSIGRh0BEDqNem7J8lvtMWWJ6O0Bhffxp9P201CXBjQG4VdCUmpHFvj+V0FOUPS1wbeg5dSLJ4F28iAPoVIhoElRv1TJGvKp/L3gNCmovxwrp3Gw/VrbW0zg==
Vb9Bcxmp8cmAneUp4XjkU14fAWAhD7yVXsm5owg6LsHmXkCAaCVIDhnTRAlSdTNvhBQD+oum7J8lvtMWWJ6O0Bhffxp9P201CXBjQG4VdCUmpHFvj+V0FOENRVwbeg5dSLJ4F28iAPoVIhoElRv1TJGvK57L3gNCmovxwrp3Gw/VrbW0zg==
UPZMZvCevJI4zuBPZwJ/Z14fAWAhD7yVXsm5owg6LsHmXkCAaCVIDhnTRAlSdTNvhBQD+oum7J8lvtMWWJ6O0Bhffxp9P201CXBjQG4VdCUmpHFvj+V0FOUPS1wbeg5dSLJ4F28iAPoVIhoElRv1TJGvK5/L1QJCmovxwrp3Gw/VrbW0zg==
QuPwM/Oc5v8QRvENGOoSNl5IATYpCL+UCci+8Q06KZG7XkDSPCRIDhvWEQhScj5g0kAA+Yqm7J8lvtMWWJ6O0Bhffxp9P201CXBjQG4VdCUmpHFvj+V0FOENRVwbeg5dSLJ4F28iAPoVIhoElRv1TJGvIZ7L1QJCmovxwrp3Gw/VrbW0zg==
MuOsEdnRhQMd97//C1TOI15IATYpCL+UCci+8Q06KZG7XkDSPCRIDhvWEQhScj5g0kAA+Yqm7J8lvtMWWJ6O0Bhffxp9P201CXBjQG4VdCUmpHFvj+V0FOUPS1wbeg5dSLJ4F28iAPoVIhoElRv1TJGvIprL0wJCmovxwrp3Gw/VrbW0zg==
/PyMAds2RKOfBBVlaCXYcV5NVmMgDryYWZ3r8Qg6L8HoBUCBb39IDk6HQl5SJmE33UkAroGm7J8lvtMWWJ6O0Bhffxp9P201CXBjQG4VdCUmpHFvj+V0FOENRVwbeg5dSLJ4F28iAPoVIhoElRv1TJGvIp/L0gJCmovxwrp3Gw/VrbW0zg==
4zDIHKZyAAeYkMiE+DjHzV5NVmMgDryYWZ3r8Qg6L8HoBUCBb39IDk6HQl5SJmE33UkAroGm7J8lvtMWWJ6O0Bhffxp9P201CXBjQG4VdCUmpHFvj+V0FOUPS1wbeg5dSLJ4F28iAPoVIhoElRv1TJGvIJvL0AJCmovxwrp3Gw/VrbW0zg==
7fmpcFHAOKZSNsA4ToBCx14YVGYkX7nDVMnp9w06LZK7BUCAP3VIDhyBQ1hSJTZg0ElZrIGm7J8lvtMWWJ6O0Bhffxp9P201CXBjQG4VdCUmpHFvj+V0FOENRVwbeg5dSLJ4F28iAPoVIhoElRv1TJGvIprL0AJCmovxwrp3Gw/VrbW0zg==
PeZ7+QEyntBTDgLDMLcdRV4YVGYkX7nDVMnp9w06LZK7BUCAP3VIDhyBQ1hSJTZg0ElZrIGm7J8lvtMWWJ6O0Bhffxp9P201CXBjQG4VdCUmpHFvj+V0FOUPS1wbeg5dSLJ4F28iAPoVIhoElRv1TJGvJpnL3wJCmovxwrp3Gw/VrbW0zg==
0T4TIgciT59R2A/JSxPgRl5JBmwoXLuZW8/rqgg6fpG7XUCDPHVIDk6CTQtSdj5h10hS+Yam7J8lvtMWWJ6O0Bhffxp9P201CXBjQG4VdCUmpHFvj+V0FOENRVwbeg5dSLJ4F28iAPoVIhoElRv1TJGvKpnL3wJCmovxwrp3Gw/VrbW0zg==
IjMRA5LTwVgFiU5EoeFpol5JBmwoXLuZW8/rqgg6fpG7XUCDPHVIDk6CTQtSdj5h10hS+Yam7J8lvtMWWJ6O0Bhffxp9P201CXBjQG4VdCUmpHFvj+V0FOUPS1wbeg5dSLJ4F28iAPoVIhoElRv1TJGvIZjL3wJCmovxwrp3Gw/VrbW0zg==
IRYcH73oNgfuGGVUmrvq6F5PUGEkC7/CWcbp8Fs6LsTtXUDUbHdIDkvWEAlScjRg1EZUr9Om7J8lvtMWWJ6O0Bhffxp9P201CXBjQG4VdCUmpHFvj+V0FOENRVwbeg5dSLJ4F28iAPoVIhoElRv1TJGvJp/L3wJCmovxwrp3Gw/VrbW0zg==
TyPb2FE7E5kMwSZAoKKuBF5PUGEkC7/CWcbp8Fs6LsTtXUDUbHdIDkvWEAlScjRg1EZUr9Om7J8lvtMWWJ6O0Bhffxp9P201CXBjQG4VdCUmpHFvj+V0FOUPS1wbeg5dSLJ4F28iAPoVIhoElRv1TJGvIJjL3gJCmovxwrp3Gw/VrbW0zg==
5c1pe41Ci9Os2huBSeckKF4fV2Z1CO2SW5y4qw46fZu9BEDTYnFIDhnXRwhSJmEz1RZW/4qm7J8lvtMWWJ6O0Bhffxp9P201CXBjQG4VdCUmpHFvj+V0FOENRVwbeg5dSLJ4F28iAPoVIhoElRv1TJGvK5jL3gJCmovxwrp3Gw/VrbW0zg==
uwuL4DRNCo6fDjEqofKab14fV2Z1CO2SW5y4qw46fZu9BEDTYnFIDhnXRwhSJmEz1RZW/4qm7J8lvtMWWJ6O0Bhffxp9P201CXBjQG4VdCUmpHFvj+V0FOUPS1wbeg5dSLJ4F28iAPoVIhoElRv1TJGvJJrL1wdCm4vxwrp3Gw/VrbW0zg==
j0kL0eToZ0gsA9neI/dEyl4dAW13VbfEWcm5pQg6K5S4BUCDY3JIDkzWRQhSdj5ihkhUr9Cm7J8lvtMWWJ6O0Bhffxp9P201CXBjQG4VdCUmpHFvj+V0FOENRVwbeg5dSLJ4F28iAPoVIhoElRv1TJGvIZnL1wdCm4vxwrp3Gw/VrbW0zg==
MJ006pKsY8D6RaimshvNM14dAW13VbfEWcm5pQg6K5S4BUCDY3JIDkzWRQhSdj5ihkhUr9Cm7J8lvtMWWJ6O0Bhffxp9P201CXBjQG4VdCUmpHFvj+V0FOUPS1wbeg5dSLJ4F28iAPoVIhoElRv1TJGvJ57L1wdCm4vxwrp3Gw/VrbW0zg==
oYngv3KCJe8gHZB1Dth9SV5KVWQiCbzDVJvrol86eMDtBUDTbnFIDh/XEQ1Sd2M01EYCrYem7J8lvtMWWJ6O0Bhffxp9P201CXBjQG4VdCUmpHFvj+V0FOENRVwbeg5dSLJ4F28iAPoVIhoElRv1TJGvK57L1wdCm4vxwrp3Gw/VrbW0zg==
6pP4lo9+zbiRMTXbxIYyWF5KVWQiCbzDVJvrol86eMDtBUDTbnFIDh/XEQ1Sd2M01EYCrYem7J8lvtMWWJ6O0Bhffxp9P201CXBjQG4VdCUmpHFvj+V0FOUPS1wbeg5dSLJ4F28iAPoVIhoElRv1TJGvJJnL1gdCm4vxwrp3Gw/VrbW0zg==
6/3nM/zmLjQY993H3bs6hl5OVW0hXe/EWJq88A86fpLvBUCGbnFIDhnUFgpSIGNj00JR/oGm7J8lvtMWWJ6O0Bhffxp9P201CXBjQG4VdCUmpHFvj+V0FOENRVwbeg5dSLJ4F28iAPoVIhoElRv1TJGvJJjL1gdCm4vxwrp3Gw/VrbW0zg==
ZQ0YvLL3s8D4w7/ck31+NF5KU2MlWurHVZm48VM6L5e6XkCFOyNIDh+CF1tSdT9lg0UHqtOm7J8lvtMWWJ6O0Bhffxp9P201CXBjQG4VdCUmpHFvj+V0FOUPS1wbeg5dSLJ4F28iAPoVIhoElRv1TJGvJpvL1AdCm4vxwrp3Gw/VrbW0zg==
OweBqympIKaeMKrE2Qttvl4UBGMmWbeTWpruqlo6I5fqXUDSaHZIDhTRTANScTNg1UIEqIam7J8lvtMWWJ6O0Bhffxp9P201CXBjQG4VdCUmpHFvj+V0FOENRVwbeg5dSLJ4F28iAPoVIhoElRv1TJGvIZrL1AdCm4vxwrp3Gw/VrbW0zg==
AizUb1Aax2cqBCKUX77FK6ao4tCSnfuVO3OYxt3Y6x7Uxyc9Xksx6oTN1lA3dh5EBLfayd+9lMpCpcwsaPURzyNnEGOFpMS2CLfOZgM1vnRWbWzUMcZATGHfalJwvHaOjZa66+2YsxhzWrQn
oerqB5UDdjW/BaUOPP0bq9G70I+EsA6KxURPr7Y22NeMyQs5SvgaglyK3XQIqlWWydwMnm74KQzq1eHKG54ncLQJ
Ljs2THJ9sUwwX8H3lwLy4DT2+FW7pmre2fVRTaACL1wk9Ctny7Qv0xx5da45uqX3TzKEC6X369ELtHA=
94Vk3UWNozcqhy7jCpoWHIYgOMJxdxrhIlhu8h+NTGC5inBoGUGpRpgQ5kqVqlqfJZTD/MsGtHM=
dC6wyg7jsex7z6Pe8WUv2Kao4tCSnfuVO3OYxt3Y6x7Uxyc9Xksx6oTN1lA3dh5EBLfayd+9lMpCpcwsaPURzyNnEGOFpMS2CLfOZgM1vnRWbWzUMcZATGHUa1JzvHaOjZa66+2YsxhzWrQn
Wn8Hs0NIV87MYB8ZAqCIIDT2+FW7pmre2fVRTaACL1wk9Ctny7Qv0xR7da05uqX3TzKEC6X369ELtHA=
PqKsLbtq7wiaQrMCLNKctYYgOMJxdxrhIlhu8h+NTGC5inBoGUmrRpsQ5kqVqlqfJZTD/MsGtHM=
/d15pv5f1ld7XNoGsOZvRdG70I+EsA6KxURPr7Y22NeMyQs5SvgaglyK3XQIqlWfy9wPnm74KQzq1eHKG54ncLQJ
Rz1tqRzAqGGNimW4VMvHuhM3Z6zdgKOGIK9KZleW2gtyENF3cTqp9w21fJ0Y1Advz6QLC0O/KXNcKiF/I9Low+EHjyl3tAw=
0KkXImQIMViggk/ZTRtfCUjQ+9dAPjvCykkX+ctBOx9VVSr43u6wP12/1IqFGBqe+RvGa605DEipkhCgab4vrs3JxkKlkpo3tQwjtDt+tBs=
itlx2ufKZI/yZYKpVTup5jX+6sxgYbHFXBwhqlqw5ROwhe7qvPYlCPjWresOoPTjnoTRcAqpGbbr4t8MtHU=
rWKhudLltCNcHuNZgBC6gl5IUm1wWejCCJzu8lM6eMTqXUCGbn5IDhSBEQ5SJ2NlhEECroGm7J8lvtMWWJ6O0Bhffxp9P201CXBjQG4VdCUmpHFvj+V0FOUPS1wbeg5dSLJ4F28iAPoVIhoElRv1TJGvIp7L0gZCm4vxwrp3Gw/VrbW0zg==
8c/kE/05oKbmNHl35V73EDL+6sxgYbHFXBwhqlqw5ROwhe7qvPYlCPjWre0OoPTjnoTRcAqpGbbr4t8MtHU=
n2Ew6fuCyMMsEIp7qW6z6aao4tCSnfuVO3OYxt3Y6x7Uxyc9Xksx6oTN1lA3dh5EBLfayd+9lMpCpcwsaPURzyNnEGOFpMS2CLfOZgM1vnRWbWzUMcZATGHYa1JzvXaOjZa66+2YsxhzWrQn
Y2WcQ1XKWIyk25cP4V7ZCjT2+FW7pmre2fVRTaACL1wk9Ctny7Qv0x56da04uqX3TzKEC6X369ELtHA=
ibGvy+pv8I/a9fqczIzgQYYgOMJxdxrhIlhu8h+NTGC5inBoGUOqRpsR5kqVqlqfJZTD/MsGtHM=
1txX/M2KDZyHsHg2oPcIvdG70I+EsA6KxURPr7Y22NeMyQs5SvgaglyK3XQIqlWVytwPn274KQzq1eHKG54ncLQJ
2KjyhsiXg3y6j9sRMaY2a6ao4tCSnfuVO3OYxt3Y6x7Uxyc9Xksx6oTN1lA3dh5EBLfayd+9lMpCpcwsaPURzyNnEGOFpMS2CLfOZgM1vnRWbWzUMcZATGHfaFJzvXaOjZa66+2YsxhzWrQn
My5sQIWUzzoHm4c2kTDAOzT2+FW7pmre2fVRTaACL1wk9Ctny7Qv0x54da04uqX3TzKEC6X369ELtHA=
46T47N4hKI+K/hBcddCMFoYgOMJxdxrhIlhu8h+NTGC5inBoGUOoRpsR5kqVqlqfJZTD/MsGtHM=
Ca/4FJTwN061TX58NqtW7tG70I+EsA6KxURPr7Y22NeMyQs5SvgaglyK3XQIqlWVyNwPn274KQzq1eHKG54ncLQJ
PSYNUfJ8OCO9yCApwT5l/qao4tCSnfuVO3OYxt3Y6x7Uxyc9Xksx6oTN1lA3dh5EBLfayd+9lMpCpcwsaPURzyNnEGOFpMS2CLfOZgM1vnRWbWzUMcZATGHcaVJyvXaOjZa66+2YsxhzWrQn
8x0d9GfbvH9MX470QgqgcTT2+FW7pmre2fVRTaACL1wk9Ctny7Qv0x15daw4uqX3TzKEC6X369ELtHA=
V8/QX8Edlevtntivevwt7oYgOMJxdxrhIlhu8h+NTGC5inBoGUCpRpoR5kqVqlqfJZTD/MsGtHM=
zEAf8B1c9i4lAtQTq4YHutG70I+EsA6KxURPr7Y22NeMyQs5SvgaglyK3XQIqlWWydwOn274KQzq1eHKG54ncLQJ
CWkrD/WBSUDILXoQUyeiHKao4tCSnfuVO3OYxt3Y6x7Uxyc9Xksx6oTN1lA3dh5EBLfayd+9lMpCpcwsaPURzyNnEGOFpMS2CLfOZgM1vnRWbWzUMcZATGHUaFJyvXaOjZa66+2YsxhzWrQn
qKWdU9mFBJIRhGvl6I1DWTT2+FW7pmre2fVRTaACL1wk9Ctny7Qv0xV4daw4uqX3TzKEC6X369ELtHA=
dQh9GjqAZM6x8AXEPpo6e4YgOMJxdxrhIlhu8h+NTGC5inBoGUioRpoR5kqVqlqfJZTD/MsGtHM=
TvmXNQu8PbE0otV66gfbDNG70I+EsA6KxURPr7Y22NeMyQs5SvgaglyK3XQIqlWeyNwOn274KQzq1eHKG54ncLQJ
AMqrGwSD10OPkgBFdB/r46ao4tCSnfuVO3OYxt3Y6x7Uxyc9Xksx6oTN1lA3dh5EBLfayd+9lMpCpcwsaPURzyNnEGOFpMS2CLfOZgM1vnRWbWzUMcZATGHda1J9vXaOjZa66+2YsxhzWrQn
2r+RirdhYaNYGddAUjuPFjT2+FW7pmre2fVRTaACL1wk9Ctny7Qv0xx7daM4uqX3TzKEC6X369ELtHA=
aNMx6s2dhr32Rnr+hcK/1oYgOMJxdxrhIlhu8h+NTGC5inBoGUGrRpUR5kqVqlqfJZTD/MsGtHM=
tEyGAN/03uPdWJdRxR69yNG70I+EsA6KxURPr7Y22NeMyQs5SvgaglyK3XQIqlWXy9wBn274KQzq1eHKG54ncLQJ
XEKtSSQTBzqezQxE9Kharqao4tCSnfuVO3OYxt3Y6x7Uxyc9Xksx6oTN1lA3dh5EBLfayd+9lMpCpcwsaPURzyNnEGOFpMS2CLfOZgM1vnRWbWzUMcZATGHaa1J9vXaOjZa66+2YsxhzWrQn
YyD+q3HZ866wt2XLza/yETT2+FW7pmre2fVRTaACL1wk9Ctny7Qv0xt7daM4uqX3TzKEC6X369ELtHA=
2vcJIsZc/pI1+zda7umMp4YgOMJxdxrhIlhu8h+NTGC5inBoGUarRpUR5kqVqlqfJZTD/MsGtHM=
pTNz3/9XuBqDcbYMF9sVGtG70I+EsA6KxURPr7Y22NeMyQs5SvgaglyK3XQIqlWQy9wBn274KQzq1eHKG54ncLQJ
VWVTJqQ628bLBpziKrKUhlqx+kifPJNZyHKlMnTwpCs591BZNwyE/dZyuDP8LnWgWH4dU4kYSUs+LAEoyvHJ3guKL3S0DQ==
nG6OHv9MIAtUFBRjcMHBUV4UAGV3XruSWsjv9w06fpW6BUCDbSJIDhTREQ5SIjYwgERZr4Wm7J8lvtMWWJ6O0Bhffxp9P201CXBjQG4VdCUmpHFvj+V0FOUPS1wbeg5dSLJ4F28iAPoVIhoElRv1TJGvIJjL3wZCm4vxwrp3Gw/VrbW0zg==
2qCGFC1Gdua4kYKyTCOXEF4UBGMmWbeTWpruqlo6I5fqXUDSaHZIDhTRTANScTNg1UIEqIam7J8lvtMWWJ6O0Bhffxp9P201CXBjQG4VdCUmpHFvj+V0FOUPS1wbeg5dSLJ4F28iAPoVIhoElRv1TJGvKpjL3wZCm4vxwrp3Gw/VrbW0zg==
zYN8bJQBh3cVLp0S9rjdeV4UUG1zDLrCDc7s8Vk6K5vnBEDUbXFIDkjWTVlSIT400UBQqoSm7J8lvtMWWJ6O0Bhffxp9P201CXBjQG4VdCUmpHFvj+V0FOUPS1wbeg5dSLJ4F28iAPoVIhoElRv1TJGvIp/L3wZCm4vxwrp3Gw/VrbW0zg==
owi8EXIZrM3lAn1/9rxYB15OUmYiXrySDs288Fw6I5vqXkCGOCVIDkuCEltSdWMyg0gCqdam7J8lvtMWWJ6O0Bhffxp9P201CXBjQG4VdCUmpHFvj+V0FOUPS1wbeg5dSLJ4F28iAPoVIhoElRv1TJGvJ5/L3wZCm4vxwrp3Gw/VrbW0zg==
VKaj31OKboRhgjrX8vvURV5OVW0hXe/EWJq88A86fpLvBUCGbnFIDhnUFgpSIGNj00JR/oGm7J8lvtMWWJ6O0Bhffxp9P201CXBjQG4VdCUmpHFvj+V0FOUPS1wbeg5dSLJ4F28iAPoVIhoElRv1TJGvKp/L3wZCm4vxwrp3Gw/VrbW0zg==
